2024-09-24 02:26:21,389 INFO supervisord started with pid 1
2024-09-24 02:26:22,390 INFO spawned: 'php-fpm' with pid 7
2024-09-24 02:26:22,391 INFO spawned: 'scheduler_00' with pid 8
2024-09-24 02:26:22,392 INFO spawned: 'worker_00' with pid 9
2024-09-24 02:26:22,394 INFO spawned: 'worker_01' with pid 10
2024-09-24 02:26:22,505 WARN exited: worker_00 (exit status 1; not expected)
2024-09-24 02:26:22,507 WARN exited: worker_01 (exit status 1; not expected)
2024-09-24 02:26:23,507 INFO success: php-fpm entered RUNNING state, process has stayed up for > than 1 seconds (startsecs)
2024-09-24 02:26:23,507 INFO success: scheduler_00 entered RUNNING state, process has stayed up for > than 1 seconds (startsecs)
2024-09-24 02:26:23,508 INFO spawned: 'worker_00' with pid 23
2024-09-24 02:26:23,509 INFO spawned: 'worker_01' with pid 24
2024-09-24 02:26:23,623 WARN exited: worker_00 (exit status 1; not expected)
2024-09-24 02:26:23,627 WARN exited: worker_01 (exit status 1; not expected)
2024-09-24 02:26:25,630 INFO spawned: 'worker_00' with pid 33
2024-09-24 02:26:25,632 INFO spawned: 'worker_01' with pid 34
2024-09-24 02:26:25,881 WARN exited: worker_01 (exit status 1; not expected)
2024-09-24 02:26:25,887 WARN exited: worker_00 (exit status 1; not expected)
2024-09-24 02:26:28,891 INFO spawned: 'worker_00' with pid 43
2024-09-24 02:26:28,893 INFO spawned: 'worker_01' with pid 44
2024-09-24 02:26:29,096 WARN exited: worker_00 (exit status 1; not expected)
2024-09-24 02:26:29,096 WARN exited: worker_01 (exit status 1; not expected)
2024-09-24 02:26:29,097 INFO gave up: worker_00 entered FATAL state, too many start retries too quickly
2024-09-24 02:26:29,097 INFO gave up: worker_01 entered FATAL state, too many start retries too quickly
2024-09-24 02:28:32,281 WARN received SIGQUIT indicating exit request
2024-09-24 02:28:32,282 INFO waiting for php-fpm, scheduler_00 to die
2024-09-24 02:28:33,285 WARN stopped: scheduler_00 (terminated by SIGTERM)
2024-09-24 02:28:33,288 INFO stopped: php-fpm (exit status 0)
2024-09-24 02:28:34,087 INFO supervisord started with pid 1
2024-09-24 02:28:35,090 INFO spawned: 'php-fpm' with pid 7
2024-09-24 02:28:35,091 INFO spawned: 'scheduler_00' with pid 8
2024-09-24 02:28:35,092 INFO spawned: 'worker_00' with pid 9
2024-09-24 02:28:35,093 INFO spawned: 'worker_01' with pid 10
2024-09-24 02:28:36,182 INFO success: php-fpm entered RUNNING state, process has stayed up for > than 1 seconds (startsecs)
2024-09-24 02:28:36,182 INFO success: scheduler_00 entered RUNNING state, process has stayed up for > than 1 seconds (startsecs)
2024-09-24 02:28:36,182 INFO success: worker_00 entered RUNNING state, process has stayed up for > than 1 seconds (startsecs)
2024-09-24 02:28:36,182 INFO success: worker_01 entered RUNNING state, process has stayed up for > than 1 seconds (startsecs)
2024-09-24 02:33:27,274 WARN received SIGQUIT indicating exit request
2024-09-24 02:33:27,274 INFO waiting for php-fpm, scheduler_00, worker_00, worker_01 to die
2024-09-24 02:33:27,278 INFO stopped: worker_00 (exit status 0)
2024-09-24 02:33:27,278 INFO stopped: worker_01 (exit status 0)
2024-09-24 02:33:27,280 WARN stopped: scheduler_00 (terminated by SIGTERM)
2024-09-24 02:33:27,283 INFO stopped: php-fpm (exit status 0)
2024-09-24 02:33:28,102 INFO supervisord started with pid 1
2024-09-24 02:33:29,105 INFO spawned: 'php-fpm' with pid 7
2024-09-24 02:33:29,106 INFO spawned: 'scheduler_00' with pid 8
2024-09-24 02:33:29,107 INFO spawned: 'worker_00' with pid 9
2024-09-24 02:33:29,108 INFO spawned: 'worker_01' with pid 10
2024-09-24 02:33:30,199 INFO success: php-fpm entered RUNNING state, process has stayed up for > than 1 seconds (startsecs)
2024-09-24 02:33:30,199 INFO success: scheduler_00 entered RUNNING state, process has stayed up for > than 1 seconds (startsecs)
2024-09-24 02:33:30,199 INFO success: worker_00 entered RUNNING state, process has stayed up for > than 1 seconds (startsecs)
2024-09-24 02:33:30,199 INFO success: worker_01 entered RUNNING state, process has stayed up for > than 1 seconds (startsecs)
2024-09-24 02:39:15,280 WARN received SIGQUIT indicating exit request
2024-09-24 02:39:15,282 INFO waiting for php-fpm, scheduler_00, worker_00, worker_01 to die
2024-09-24 02:39:15,286 INFO stopped: worker_00 (exit status 0)
2024-09-24 02:39:15,287 INFO stopped: worker_01 (exit status 0)
2024-09-24 02:39:15,288 WARN stopped: scheduler_00 (terminated by SIGTERM)
2024-09-24 02:39:15,292 INFO stopped: php-fpm (exit status 0)
2024-09-24 02:39:16,221 INFO supervisord started with pid 1
2024-09-24 02:39:17,223 INFO spawned: 'php-fpm' with pid 7
2024-09-24 02:39:17,224 INFO spawned: 'scheduler_00' with pid 8
2024-09-24 02:39:17,225 INFO spawned: 'worker_00' with pid 9
2024-09-24 02:39:17,226 INFO spawned: 'worker_01' with pid 10
2024-09-24 02:39:18,317 INFO success: php-fpm entered RUNNING state, process has stayed up for > than 1 seconds (startsecs)
2024-09-24 02:39:18,317 INFO success: scheduler_00 entered RUNNING state, process has stayed up for > than 1 seconds (startsecs)
2024-09-24 02:39:18,317 INFO success: worker_00 entered RUNNING state, process has stayed up for > than 1 seconds (startsecs)
2024-09-24 02:39:18,317 INFO success: worker_01 entered RUNNING state, process has stayed up for > than 1 seconds (startsecs)
